<?xml version="1.0" encoding="UTF-8"?>
<testng-results skipped="0" failed="0" total="3" passed="3">
  <reporter-output>
  </reporter-output>
  <suite name="Surefire suite" duration-ms="286" started-at="2015-09-25T11:19:57Z" finished-at="2015-09-25T11:19:57Z">
    <groups>
    </groups>
    <test name="Surefire test" duration-ms="286" started-at="2015-09-25T11:19:57Z" finished-at="2015-09-25T11:19:57Z">
      <class name="za.ac.cput.rugby_team_profiles.domain.VenueTest">
        <test-method status="PASS" signature="testVenueUpDate()[pri:0, instance:testVenueUpDate(za.ac.cput.rugby_team_profiles.domain.VenueTest)]" name="testVenueUpDate" duration-ms="4" started-at="2015-09-25T13:19:57Z" finished-at="2015-09-25T13:19:57Z">
          <reporter-output>
          </reporter-output>
        </test-method> <!-- testVenueUpDate -->
        <test-method status="PASS" signature="testVenue()[pri:0, instance:testVenue(za.ac.cput.rugby_team_profiles.domain.VenueTest)]" name="testVenue" duration-ms="1" started-at="2015-09-25T13:19:57Z" finished-at="2015-09-25T13:19:57Z">
          <reporter-output>
          </reporter-output>
        </test-method> <!-- testVenue -->
      </class> <!-- za.ac.cput.rugby_team_profiles.domain.VenueTest -->
      <class name="za.ac.cput.rugby_team_profiles.AppTest">
        <test-method status="PASS" signature="testApp()[pri:0, instance:testApp(za.ac.cput.rugby_team_profiles.AppTest)]" name="testApp" duration-ms="5" started-at="2015-09-25T13:19:57Z" finished-at="2015-09-25T13:19:57Z">
          <reporter-output>
          </reporter-output>
        </test-method> <!-- testApp -->
      </class> <!-- za.ac.cput.rugby_team_profiles.AppTest -->
    </test> <!-- Surefire test -->
  </suite> <!-- Surefire suite -->
</testng-results>
