<?xml version="1.0" encoding="UTF-8"?>
<!-- Generated by org.testng.reporters.JUnitXMLReporter -->
<testsuite hostname="DESKTOP-G81GSTS" name="Surefire test" tests="3" failures="0" timestamp="25 Sep 2015 11:19:57 GMT" time="0.286" errors="0">
  <testcase name="testApp on testApp(za.ac.cput.rugby_team_profiles.AppTest)" time="0.005" classname="za.ac.cput.rugby_team_profiles.AppTest"/>
  <testcase name="testVenueUpDate on testVenueUpDate(za.ac.cput.rugby_team_profiles.domain.VenueTest)" time="0.004" classname="za.ac.cput.rugby_team_profiles.domain.VenueTest"/>
  <testcase name="testVenue on testVenue(za.ac.cput.rugby_team_profiles.domain.VenueTest)" time="0.001" classname="za.ac.cput.rugby_team_profiles.domain.VenueTest"/>
</testsuite> <!-- Surefire test -->
